מאי 01, 2016 8:00:49 AM ai.AILogger initLogger
INFO: 
*********************** Game Iteration #2 ***********************

מאי 01, 2016 8:00:52 AM ai.AILogger info
INFO: 
Previous' wave creature grades: 
Aigle[30.0, 50.0]
 grade: 13.0
Araignee[25.0, 60.0]
 grade: 12.043478260869565
Elephant[100.0, 30.0]
 grade: 19.689655172413794
Mouton[30.0, 50.0]
 grade: 13.285714285714286
Mouton_Noir[50.0, 50.0]
 grade: 19.0
Paysan[60.0, 50.0]
 grade: 21.22222222222222
Pigeon[45.0, 50.0]
 grade: 17.071428571428573
Rhinoceros[70.0, 30.0]
 grade: 17.26086956521739

מאי 01, 2016 8:00:52 AM ai.AILogger info
INFO: The chosen wave is: 
Paysan
Paysan
Paysan

