מאי 01, 2016 7:55:51 AM ai.AILogger initLogger
INFO: 
*********************** Game Iteration #0 ***********************

מאי 01, 2016 7:55:54 AM ai.AILogger info
INFO: 
Previous' wave creature grades: 
Aigle grade: 13.0
Araignee grade: 12.043478260869565
Elephant grade: 19.689655172413794
Mouton grade: 13.285714285714286
Mouton_Noir grade: 19.0
Paysan grade: 21.22222222222222
Pigeon grade: 17.071428571428573
Rhinoceros grade: 17.26086956521739

מאי 01, 2016 7:55:54 AM ai.AILogger info
INFO: The chosen wave is: 
Paysan
Paysan
Paysan

מאי 01, 2016 7:55:57 AM ai.AILogger info
INFO: 
Previous' wave creature grades: 
Aigle grade: 14.0
Araignee grade: 12.043478260869565
Elephant grade: 19.689655172413794
Mouton grade: 13.285714285714286
Mouton_Noir grade: 19.0
Paysan grade: 21.22222222222222
Pigeon grade: 18.071428571428573
Rhinoceros grade: 17.26086956521739

מאי 01, 2016 7:55:57 AM ai.AILogger info
INFO: The chosen wave is: 
Paysan
Paysan
Paysan
Paysan
Paysan
Paysan

מאי 01, 2016 7:56:12 AM ai.AILogger info
INFO: 
Previous' wave creature grades: 
Aigle grade: 15.0
Araignee grade: 12.043478260869565
Elephant grade: 19.689655172413794
Mouton grade: 13.285714285714286
Mouton_Noir grade: 19.0
Paysan grade: 21.22222222222222
Pigeon grade: 19.071428571428573
Rhinoceros grade: 17.26086956521739

מאי 01, 2016 7:56:12 AM ai.AILogger info
INFO: The chosen wave is: 
Paysan
Paysan
Paysan
Paysan
Paysan
Paysan
Paysan
Paysan
Paysan

