מאי 01, 2016 8:10:32 AM ai.AILogger initLogger
INFO: 
*********************** Game Iteration #4 ***********************

מאי 01, 2016 8:10:37 AM ai.AILogger info
INFO: 
Wave1creature grades:

Eagle[HP: 30.0, Speed: 50.0]
Grade: 13.0

Spider[HP: 25.0, Speed: 60.0]
Grade: 12.043478260869565

Elephant[HP: 100.0, Speed: 30.0]
Grade: 19.689655172413794

Sheep[HP: 30.0, Speed: 50.0]
Grade: 13.285714285714286

Black_Sheep[HP: 50.0, Speed: 50.0]
Grade: 19.0

Peasant[HP: 60.0, Speed: 50.0]
Grade: 21.22222222222222

Pigeon[HP: 45.0, Speed: 50.0]
Grade: 17.071428571428573

Rhino[HP: 70.0, Speed: 30.0]
Grade: 17.26086956521739


מאי 01, 2016 8:10:37 AM ai.AILogger info
INFO: The chosen wave is: 
Peasant
Peasant
Peasant

